<?xml version="1.0" encoding="UTF-8"?>
<coverage generated="1641183143239" clover="3.2.0">
  <project timestamp="1641183143239" name="All files">
    <metrics statements="13" coveredstatements="13" conditionals="3" coveredconditionals="2" methods="3" coveredmethods="3" elements="19" coveredelements="18" complexity="0" loc="13" ncloc="13" packages="1" files="1" classes="1"/>
    <file name="Player.js" path="/Users/michvalenz90/Desktop/bootcamp/jest-another-RPG/lib/Player.js">
      <metrics statements="13" coveredstatements="13" conditionals="3" coveredconditionals="2" methods="3" coveredmethods="3"/>
      <line num="1" count="1" type="stmt"/>
      <line num="4" count="3" type="stmt"/>
      <line num="6" count="3" type="stmt"/>
      <line num="7" count="3" type="stmt"/>
      <line num="8" count="3" type="stmt"/>
      <line num="10" count="3" type="stmt"/>
      <line num="13" count="1" type="stmt"/>
      <line num="14" count="4" type="stmt"/>
      <line num="22" count="1" type="stmt"/>
      <line num="23" count="2" type="cond" truecount="2" falsecount="0"/>
      <line num="24" count="1" type="stmt"/>
      <line num="26" count="1" type="stmt"/>
      <line num="29" count="1" type="stmt"/>
    </file>
  </project>
</coverage>
